<?xml version="1.0" encoding="UTF-8"?>
<testsuite xmlns:xsi="http://www.w3.org/2001/XMLSchema-instance" xsi:noNamespaceSchemaLocation="https://maven.apache.org/surefire/maven-surefire-plugin/xsd/surefire-test-report.xsd" version="3.0.2" name="com.example.tasklist.TaskListApplicationTests" time="12.179" tests="1" errors="0" skipped="0" failures="0">
  <properties>
[...]
</properties>
  <testcase name="contextLoads" classname="com.example.tasklist.TaskListApplicationTests" time="1.654">
    <system-out><![CDATA[18:38:25.707 [main] INFO org.springframework.test.context.support.AnnotationConfigContextLoaderUtils -- Could not detect default configuration classes for test class [com.example.tasklist.TaskListApplicationTests]: TaskListApplicationTests does not declare any static, non-private, non-final, nested classes annotated with @Configuration.
18:38:25.888 [main] INFO org.springframework.boot.test.context.SpringBootTestContextBootstrapper -- Found @SpringBootConfiguration com.example.tasklist.TaskListApplication for test class com.example.tasklist.TaskListApplicationTests

  .   ____          _            __ _ _
 /\\ / ___'_ __ _ _(_)_ __  __ _ \ \ \ \
( ( )\___ | '_ | '_| | '_ \/ _` | \ \ \ \
 \\/  ___)| |_)| | | | | || (_| |  ) ) ) )
  '  |____| .__|_| |_|_| |_\__, | / / / /
 =========|_|==============|___/=/_/_/_/

 :: Spring Boot ::                (v3.4.1)

2025-01-03T18:38:27.420+05:30  INFO 28528 --- [Task-List] [           main] c.e.tasklist.TaskListApplicationTests    : Starting TaskListApplicationTests using Java 19.0.2 with PID 28528 (started by antaral in C:\Aniket\Projects\task-list\02-backend\Task-List)
2025-01-03T18:38:27.423+05:30  INFO 28528 --- [Task-List] [           main] c.e.tasklist.TaskListApplicationTests    : No active profile set, falling back to 1 default profile: "default"
2025-01-03T18:38:29.669+05:30  INFO 28528 --- [Task-List] [           main] .s.d.r.c.RepositoryConfigurationDelegate : Bootstrapping Spring Data JPA repositories in DEFAULT mode.
2025-01-03T18:38:29.763+05:30  INFO 28528 --- [Task-List] [           main] .s.d.r.c.RepositoryConfigurationDelegate : Finished Spring Data repository scanning in 76 ms. Found 1 JPA repository interface.
2025-01-03T18:38:30.398+05:30  INFO 28528 --- [Task-List] [           main] o.hibernate.jpa.internal.util.LogHelper  : HHH000204: Processing PersistenceUnitInfo [name: default]
2025-01-03T18:38:30.459+05:30  INFO 28528 --- [Task-List] [           main] org.hibernate.Version                    : HHH000412: Hibernate ORM core version 6.6.4.Final
2025-01-03T18:38:30.497+05:30  INFO 28528 --- [Task-List] [           main] o.h.c.internal.RegionFactoryInitiator    : HHH000026: Second-level cache disabled
2025-01-03T18:38:31.299+05:30  INFO 28528 --- [Task-List] [           main] o.s.o.j.p.SpringPersistenceUnitInfo      : No LoadTimeWeaver setup: ignoring JPA class transformer
2025-01-03T18:38:31.511+05:30  INFO 28528 --- [Task-List] [           main] com.zaxxer.hikari.HikariDataSource       : HikariPool-1 - Starting...
2025-01-03T18:38:31.880+05:30  INFO 28528 --- [Task-List] [           main] com.zaxxer.hikari.pool.HikariPool        : HikariPool-1 - Added connection org.postgresql.jdbc.PgConnection@4948daec
2025-01-03T18:38:31.883+05:30  INFO 28528 --- [Task-List] [           main] com.zaxxer.hikari.HikariDataSource       : HikariPool-1 - Start completed.
2025-01-03T18:38:31.932+05:30  WARN 28528 --- [Task-List] [           main] org.hibernate.orm.deprecation            : HHH90000025: PostgreSQLDialect does not need to be specified explicitly using 'hibernate.dialect' (remove the property setting and it will be selected by default)
2025-01-03T18:38:31.970+05:30  INFO 28528 --- [Task-List] [           main] org.hibernate.orm.connections.pooling    : HHH10001005: Database info:
	Database JDBC URL [Connecting through datasource 'HikariDataSource (HikariPool-1)']
	Database driver: undefined/unknown
	Database version: 14.1
	Autocommit mode: undefined/unknown
	Isolation level: undefined/unknown
	Minimum pool size: undefined/unknown
	Maximum pool size: undefined/unknown
2025-01-03T18:38:32.930+05:30  INFO 28528 --- [Task-List] [           main] o.h.e.t.j.p.i.JtaPlatformInitiator       : HHH000489: No JTA platform available (set 'hibernate.transaction.jta.platform' to enable JTA platform integration)
2025-01-03T18:38:33.040+05:30  INFO 28528 --- [Task-List] [           main] j.LocalContainerEntityManagerFactoryBean : Initialized JPA EntityManagerFactory for persistence unit 'default'
2025-01-03T18:38:33.961+05:30  WARN 28528 --- [Task-List] [           main] JpaBaseConfiguration$JpaWebConfiguration : spring.jpa.open-in-view is enabled by default. Therefore, database queries may be performed during view rendering. Explicitly configure spring.jpa.open-in-view to disable this warning
2025-01-03T18:38:35.971+05:30  INFO 28528 --- [Task-List] [           main] c.e.tasklist.TaskListApplicationTests    : Started TaskListApplicationTests in 9.741 seconds (process running for 11.32)
]]></system-out>
  </testcase>
</testsuite>